11
57
53
1
26
70
1
125
207
52
230
4
229
38
21
99
46
3
182
65
0
131
32
31
10
10
106
229
146
254
8
22
10
271
282
24
51
0
57
18
20
128
29
40
164
194
17
25
48
92
29
4
10
86
43
8
1
36
50
61
84
8
40
115
15
21
30
21
224
94
207
1
13
3
20
22
29
16
259
11
14
22
13
44
31
18
48
74
65
62
42
12
188
276
144
29
176
3
24
15
57
55
52
0
125
13
0
26
44
32
163
31
25
86
26
8
33
101
261
7
26
239
41
21
27
44
154
5
22
142
51
12
103
40
10
12
49
27
31
21
56
130
51
112
0
8
148
26
68
200
29
77
119
27
204
198
105
214
87
34
61
21
13
73
10
7
26
42
3
205
30
45
6
65
4
104
19
26
9
258
10
7
11
33
72
71
3
22
5
147
28
130
5
31
13
33
0
10
63
16
113
15
259
83
2
71
39
7
174
157
0
15
39
141
3
20
293
27
194
5
21
35
39
92
50
44
20
0
132
71
85
5
60
100
7
3
19
43
11
84
13
29
1
0
13
18
14
4
0
45
28
76
271
111
53
2
0
72
28
19
35
101
126
86
188
46
23
263
5
0
53
52
0
234
13
161
245
118
125
36
296
196
1
9
64
41
73
10
10
34
0
12
87
6
2
108
1
84
120
68
211
115
227
24
8
10
60
51
236
14
32
71
4
2
242
6
23
56
7
4
72
14
242
57
2
261
49
149
18
243
32
211
75
22
243
295
27
32
56
27
15
9
5
287
94
83
191
39
26
6
262
68
1
126
17
51
82
126
62
272
10
86
32
218
75
19
133
3
8
70
0
125
21
70
31
224
31
16
14
25
0
66
125
24
87
5
38
51
54
213
4
125
14
219
6
25
6
59
2
53
66
38
27
24
17
293
1
247
31
145
43
4
88
165
34
23
17
62
120
1
35
0
206
22
146
11
2
32
8
57
27
6
57
20
8
31
2
106
20
14
91
87
25
108
109
10
186
16
4
38
6
8
58
8
178
5
40
88
70
59
20
0
63
6
136
25
6
11
25
9
47
28
40
57
23
13
6
173
2
84
17
136
49
42
17
40
9
52
0
23
54
8
3
179
85
0
0
46
0
1
0
47
16
207
32
39
3
111
140
14
98
12
20
16
21
41
14
113
43
34
28
38
98
42
73
175
78
12
91
0
33
60
3
12
277
0
52
33
31
23
32
136
55
0
79
119
106
2
203
201
23
58
4
52
31
0
171
12
23
23
3
164
83
92
17
0
11
49
51
3
31
73
2
66
47
1
166
10
40
218
175
0
17
3
106
24
284
242
14
116
64
109
33
19
6
245
5
123
11
70
139
2
23
241
47
37
2
1
121
231
20
56
16
15
17
83
55
0
98
104
2
16
80
11
73
45
48
11
79
0
49
9
234
96
95
32
0
31
202
77
23
210
4
1
77
20
1
78
58
7
3
130
55
27
27
34
7
174
45
4
160
7
17
147
47
30
5
24
67
11
0
7
20
93
148
12
90
6
9
70
120
104
23
61
25
20
48
35
24
0
14
3
33
113
42
9
51
29
1
25
1
110
200
16
147
6
62
38
11
38
128
43
96
35
23
16
46
6
292
19
9
126
15
287
7
47
291
46
1
14
34
6
15
69
53
147
47
107
1
96
14
37
47
102
10
144
145
56
58
10
2
6
34
13
11
16
148
41
156
1
237
3
24
207
115
3
0
125
0
26
4
79
123
12
51
113
1
8
7
37
289
0
10
114
10
17
50
33
35
56
10
18
61
21
37
42
56
4
205
16
147
61
0
879873166
23
67
54
40
117
164
282
22
2
287
247
87
29
5
19
274
122
24
45
279
34
245
11
12
25
2
24
31
9
8
106
235
131
41
91
29
65
90
177
18
95
271
133
62
55
84
14
246
13
31
22
82
13
44
4
87
80
14
2
17
6
11
1
20
21
0
68
250
273
140
69
35
151
108
255
17
30
137
8
53
90
78
121
32
34
3
232
0
58
197
62
13
70
82
167
77
52
52
11
0
90
60
236
202
4
0
83
6
18
0
2
28
79
27
28
119
72
4
33
5
48
1
25
89
242
146
22
110
16
102
13
127
22
64
51
8
75
0
69
21
24
133
227
63
86
2
0
36
34
17
128
0
13
49
73
22
95
20
19
7
231
7
216
10
68
296
26
20
124
1
6
23
129
148
64
46
6
0
19
26
298
36
259
118
76
20
37
60
12
256
24
76
2
29
48
26
