1
1
1
1
1
1
1
1
1
1
1
17
1
1
1
1
1
1
1
1
1
1
1
1
3
1
1
1
1
1
1
1
1
1
1
1
1
1
1
1
17
1
1
1
1
1
1
1
1
1
1
1
1
1
1
1
25
1
1
1
12
1
21
1
1
1
1
1
1
1
1
1
1
1
1
1
1
1
10
1
1
1
1
1
1
14
1
1
2
1
1
1
20
1
8
1
1
1
1
1
1
1
14
1
1
1
1
9
1
1
1
1
1
1
1
1
1
1
1
1
1
1
1
1
1
1
1
1
1
1
1
1
1
1
1
1
1
1
1
1
2
1
1
1
1
1
1
1
1
1
1
1
1
1
1
1
1
1
1
10
1
1
1
1
5
1
1
1
1
1
1
1
1
1
1
19
1
1
1
1
1
1
1
1
11
1
1
1
3
1
1
1
1
1
1
1
1
1
1
1
1
1
1
1
1
1
1
1
1
1
1
7
7
17
1
1
1
25
1
1
1
1
1
1
1
1
1
1
1
1
1
1
1
1
1
1
1
1
1
1
16
1
1
1
1
1
1
1
1
1
1
10
1
1
1
1
1
1
1
2
1
1
1
1
1
1
1
1
1
1
1
1
1
1
1
1
1
1
1
1
1
1
1
1
13
17
1
1
1
1
1
1
1
1
1
1
1
1
20
14
1
1
1
4
1
1
1
1
1
1
1
1
1
1
1
1
15
1
1
1
1
1
1
7
1
1
1
1
1
1
1
2
1
1
1
1
1
1
15
16
1
1
1
12
1
1
1
1
1
1
1
1
1
1
14
1
1
1
15
1
1
1
1
1
9
1
1
1
1
1
1
1
1
1
1
1
1
1
1
1
3
1
1
1
2
7
10
1
1
1
1
1
1
12
1
1
1
1
1
17
1
1
18
1
1
1
3
1
1
1
1
1
1
1
1
1
1
1
1
1
1
1
1
1
1
1
1
1
1
1
1
1
1
1
1
1
1
1
2
1
1
8
1
1
1
1
1
1
1
1
1
17
1
1
1
1
1
1
1
1
1
1
1
1
1
1
1
1
27
1
1
1
1
1
1
22
1
1
1
1
1
1
8
1
1
1
1
1
1
1
1
1
1
1
4
1
1
4
1
1
1
5
4
4
1
1
1
17
1
1
1
1
1
1
1
1
1
9
1
1
1
1
1
1
1
1
1
1
10
19
1
1
1
3
1
1
1
1
1
1
1
1
1
1
1
1
1
1
1
1
1
1
1
7
1
1
2
9
1
1
1
6
1
1
3
1
1
1
1
1
1
1
1
1
1
1
1
1
1
1
1
1
1
1
1
1
1
1
1
11
1
1
15
1
1
13
1
1
1
1
1
1
1
1
20
1
1
1
1
1
1
1
1
1
1
1
1
1
1
1
1
1
1
1
1
1
1
1
1
1
1
1
1
1
1
1
16
4
1
1
1
1
1
7
1
1
1
1
1
1
1
1
1
1
1
1
1
1
1
1
1
1
8
1
1
1
1
1
1
1
1
1
1
1
1
1
1
8
1
1
1
1
1
9
10
1
1
1
1
1
5
1
1
1
1
1
1
1
1
1
1
10
1
1
1
1
1
1
1
1
1
1
1
1
1
1
1
1
19
2
17
1
1
1
1
1
1
10
2
1
1
1
1
1
1
1
4
1
1
1
1
1
1
1
24
1
1
1
19
1
1
1
1
1
1
1
1
1
1
1
1
1
1
1
1
1
1
3
1
12
1
3
1
1
1
1
1
1
1
1
1
1
1
1
8
1
1
1
1
1
1
1
1
1
1
1
1
2
1
1
1
1
1
1
1
5
1
1
1
1
18
1
1
1
8
1
1
1
1
1
1
1
1
1
1
1
19
3
1
1
1
1
1
1
1
1
1
1
5
1
1
1
1
1
1
13
1
1
1
1
1
1
17
1
1
1
1
1
1
1
2
1
1
1
1
1
1
1
1
1
1
1
1
1
8
1
1
1
1
1
1
1
1
1
1
1
1
1
1
1
2
22
1
1
17
1
1
1
1
1
1
1
1
1
1
1
1
1
1
1
1
1
1
1
1
1
1
1
1
1
1
1
1
1
1
1
1
1
1
8
1
1
1
1
10
1
1
11
1
1
1
1
1
1
13
1
1
1
1
1
1
1
1
1
1
5
16
1
1
1
1
1
1
1
1
1
1
1
10
1
1
1
1
1
1
1
1
1
1
1
12
1
1
1
1
1
1
3
4
1
1
1
1
1
1
1
1
1
1
1
1
1
1
17
